<?xml version="1.0" encoding="UTF-8"?>
<!-- Generated by org.testng.reporters.JUnitReportReporter -->
<testsuite hostname="jhonesLG" failures="0" tests="3" name="com.herokuapp.internet.testsuite.LoginPageTest" time="10.929" errors="0" timestamp="2022-12-11T23:47:36 GMT" skipped="0">
  <testcase classname="com.herokuapp.internet.testsuite.LoginPageTest" name="UserShouldLoginSuccessfullyWithValidCredentials" time="3.176"/>
  <system-out>
    <![CDATA[Enter username tomsmith to email field [[ChromeDriver: chrome on WINDOWS (aca336acbd189180de5c75234c2080c3)] -> name: username]
Enter password SuperSecretPassword! to password field SuperSecretPassword!
User clicks on Log In Button
Error message is displayed]]>
  </system-out>
  <testcase classname="com.herokuapp.internet.testsuite.LoginPageTest" name="verifyThePasswordErrorMessage" time="3.220"/>
  <system-out>
    <![CDATA[Enter username tomsmith to email field [[ChromeDriver: chrome on WINDOWS (c13f2bc88e9f6a49f39d97e203abc44d)] -> name: username]
Enter password SuperSecretPassword to password field SuperSecretPassword
User clicks on Log In Button
User gets error message]]>
  </system-out>
  <testcase classname="com.herokuapp.internet.testsuite.LoginPageTest" name="verifyTheUsernameErrorMessage" time="4.533"/>
  <system-out>
    <![CDATA[Enter username tomsmith1 to email field [[ChromeDriver: chrome on WINDOWS (317829efb4ef0c1627a3d0d28b4a6066)] -> name: username]
Enter password SuperSecretPassword! to password field SuperSecretPassword!
User clicks on Log In Button
User gets error message]]>
  </system-out>
</testsuite> <!-- com.herokuapp.internet.testsuite.LoginPageTest -->
